<?xml version="1.0" encoding="UTF-8"?>
<!-- Generated by org.testng.reporters.JUnitReportReporter -->
<testsuite hostname="ATMECSINDT-083" failures="0" tests="2" name="FlightBooking.RoundTrip" time="5.081" errors="0" timestamp="05 Sep 2019 15:44:36 GMT" skipped="0">
  <testcase classname="FlightBooking.RoundTrip" name="roundTrip" time="2.527"/>
  <testcase classname="FlightBooking.RoundTrip" name="passengerDetails1" time="2.554"/>
</testsuite> <!-- FlightBooking.RoundTrip -->
