<?xml version="1.0" encoding="UTF-8"?>
<!-- Generated by org.testng.reporters.JUnitReportReporter -->
<testsuite hostname="ATMECSINDT-083" failures="0" tests="2" name="FlightBooking.TestScript" time="12.923" errors="0" timestamp="04 Sep 2019 07:02:10 GMT" skipped="0">
  <testcase classname="FlightBooking.TestScript" name="passengerDetails" time="5.072"/>
  <testcase classname="FlightBooking.TestScript" name="testScript" time="7.851"/>
</testsuite> <!-- FlightBooking.TestScript -->
