<?xml version="1.0" encoding="UTF-8"?>
<!-- Generated by org.testng.reporters.JUnitReportReporter -->
<testsuite hostname="ATMECSINDT-083" failures="0" tests="2" name="FlightBooking.TestScript" time="13.345" errors="0" timestamp="03 Sep 2019 14:59:45 GMT" skipped="0">
  <testcase classname="FlightBooking.TestScript" name="passengerDetails" time="5.209"/>
  <testcase classname="FlightBooking.TestScript" name="testScript" time="8.136"/>
</testsuite> <!-- FlightBooking.TestScript -->
