<?xml version="1.0" encoding="UTF-8"?>
<!-- Generated by org.testng.reporters.JUnitReportReporter -->
<testsuite hostname="ATMECSINDT-083" failures="0" tests="1" name="FlightBooking.OneWayTrip" time="5.833" errors="0" timestamp="03 Sep 2019 14:55:03 GMT" skipped="0">
  <testcase classname="FlightBooking.OneWayTrip" name="passengerDetails" time="5.833"/>
</testsuite> <!-- FlightBooking.OneWayTrip -->
