<?xml version="1.0" encoding="UTF-8"?>
<!-- Generated by org.testng.reporters.JUnitReportReporter -->
<testsuite hostname="ATMECSINDT-083" failures="0" tests="2" name="FlightBooking.RoundTrip" time="4.989" errors="0" timestamp="06 Sep 2019 06:07:22 GMT" skipped="0">
  <testcase classname="FlightBooking.RoundTrip" name="roundTrip" time="2.449"/>
  <testcase classname="FlightBooking.RoundTrip" name="passengerDetails1" time="2.540"/>
</testsuite> <!-- FlightBooking.RoundTrip -->
