<?xml version="1.0" encoding="UTF-8"?>
<!-- Generated by org.testng.reporters.JUnitReportReporter -->
<testsuite hostname="ATMECSINDT-083" failures="0" tests="2" name="FlightBooking.SelectCity" time="5.418" errors="0" timestamp="05 Sep 2019 08:47:37 GMT" skipped="0">
  <testcase classname="FlightBooking.SelectCity" name="roundTrip" time="2.318"/>
  <testcase classname="FlightBooking.SelectCity" name="passengerDetails1" time="3.100"/>
</testsuite> <!-- FlightBooking.SelectCity -->
